==19685== Memcheck, a memory error detector
==19685== Copyright (C) 2002-2024, and GNU GPL'd, by Julian Seward et al.
==19685== Using Valgrind-3.25.1 and LibVEX; rerun with -h for copyright info
==19685== Command: ./client_bonus 19683 Hello\ World
==19685== Parent PID: 19682
==19685== 
==19685== 
==19685== Process terminating with default action of signal 15 (SIGTERM)
==19685==    at 0x4920186: __internal_syscall_cancel (cancellation.c:40)
==19685==    by 0x4920186: __syscall_cancel (cancellation.c:75)
==19685==    by 0x4984A10: pause (pause.c:29)
==19685==    by 0x40012F5: ft_send (in /home/hussam/my_work/coding_stuff/42_amman_journey/common_core_files/mini_talk/client_bonus)
==19685==    by 0x400152A: main (in /home/hussam/my_work/coding_stuff/42_amman_journey/common_core_files/mini_talk/client_bonus)
==19685== 
==19685== HEAP SUMMARY:
==19685==     in use at exit: 0 bytes in 0 blocks
==19685==   total heap usage: 0 allocs, 0 frees, 0 bytes allocated
==19685== 
==19685== All heap blocks were freed -- no leaks are possible
==19685== 
==19685== For lists of detected and suppressed errors, rerun with: -s
==19685== ERROR SUMMARY: 0 errors from 0 contexts (suppressed: 0 from 0)
