==19138== Memcheck, a memory error detector
==19138== Copyright (C) 2002-2024, and GNU GPL'd, by Julian Seward et al.
==19138== Using Valgrind-3.25.1 and LibVEX; rerun with -h for copyright info
==19138== Command: ./client 19136 Test
==19138== 
==19138== 
==19138== Process terminating with default action of signal 15 (SIGTERM)
==19138==    at 0x4920186: __internal_syscall_cancel (cancellation.c:40)
==19138==    by 0x4920186: __syscall_cancel (cancellation.c:75)
==19138==    by 0x4984A10: pause (pause.c:29)
==19138==    by 0x4001315: ft_send (in /home/hussam/my_work/coding_stuff/42_amman_journey/common_core_files/mini_talk/client)
==19138==    by 0x40014E0: main (in /home/hussam/my_work/coding_stuff/42_amman_journey/common_core_files/mini_talk/client)
==19138== 
==19138== HEAP SUMMARY:
==19138==     in use at exit: 0 bytes in 0 blocks
==19138==   total heap usage: 0 allocs, 0 frees, 0 bytes allocated
==19138== 
==19138== All heap blocks were freed -- no leaks are possible
==19138== 
==19138== For lists of detected and suppressed errors, rerun with: -s
==19138== ERROR SUMMARY: 0 errors from 0 contexts (suppressed: 0 from 0)
