==18801== Memcheck, a memory error detector
==18801== Copyright (C) 2002-2024, and GNU GPL'd, by Julian Seward et al.
==18801== Using Valgrind-3.25.1-4441567fbe-20250520 and LibVEX; rerun with -h for copyright info
==18801== Command: ./client 18799 Test\ Message
==18801== Parent PID: 18798
==18801== 
--18801-- 
--18801-- Valgrind options:
--18801--    --leak-check=full
--18801--    --show-leak-kinds=all
--18801--    --track-origins=yes
--18801--    --verbose
--18801--    --log-file=valgrind_client_with_server.log
--18801-- Contents of /proc/version:
--18801--   Linux version 6.17.0-12-generic (buildd@lcy02-amd64-051) (x86_64-linux-gnu-gcc (Ubuntu 15.2.0-4ubuntu4) 15.2.0, GNU ld (GNU Binutils for Ubuntu) 2.45) #12-Ubuntu SMP PREEMPT_DYNAMIC Fri Jan  9 20:46:52 UTC 2026
--18801-- 
--18801-- Arch and hwcaps: AMD64, LittleEndian, amd64-cx16-lzcnt-rdtscp-sse3-ssse3-avx-avx2-bmi-f16c-rdrand-rdseed-fma
--18801-- Page sizes: currently 4096, max supported 4096
--18801-- Valgrind library directory: /usr/libexec/valgrind
--18801-- Reading syms from /home/hussam/my_work/coding_stuff/42_amman_journey/common_core_files/mini_talk/client
--18801-- Reading syms from /usr/lib/x86_64-linux-gnu/ld-linux-x86-64.so.2
--18801--   Considering /usr/lib/debug/.build-id/a5/5bbbd8566088202dbb60da08a95c6b7697e8ee.debug ..
--18801--   .. build-id is valid
--18801-- Reading syms from /usr/libexec/valgrind/memcheck-amd64-linux
--18801--    object doesn't have a dynamic symbol table
--18801-- Scheduler: using generic scheduler lock implementation.
--18801-- Reading suppressions file: /usr/libexec/valgrind/default.supp
==18801== embedded gdbserver: reading from /tmp/vgdb-pipe-from-vgdb-to-18801-by-hussam-on-???
==18801== embedded gdbserver: writing to   /tmp/vgdb-pipe-to-vgdb-from-18801-by-hussam-on-???
==18801== embedded gdbserver: shared mem   /tmp/vgdb-pipe-shared-mem-vgdb-18801-by-hussam-on-???
==18801== 
==18801== TO CONTROL THIS PROCESS USING vgdb (which you probably
==18801== don't want to do, unless you know exactly what you're doing,
==18801== or are doing some strange experiment):
==18801==   /usr/bin/vgdb --pid=18801 ...command...
==18801== 
==18801== TO DEBUG THIS PROCESS USING GDB: start GDB like this
==18801==   /path/to/gdb ./client
==18801== and then give GDB the following command
==18801==   target remote | /usr/bin/vgdb --pid=18801
==18801== --pid is optional if only one valgrind process is running
==18801== 
--18801-- REDIR: 0x40318e0 (ld-linux-x86-64.so.2:strlen) redirected to 0x580c9902 (???)
--18801-- REDIR: 0x40302a0 (ld-linux-x86-64.so.2:strcmp) redirected to 0x580c991c (???)
--18801-- REDIR: 0x4030070 (ld-linux-x86-64.so.2:index) redirected to 0x580c9955 (???)
--18801-- REDIR: 0x402f400 (ld-linux-x86-64.so.2:bcmp) redirected to 0x580c9937 (???)
--18801-- Reading syms from /usr/libexec/valgrind/vgpreload_core-amd64-linux.so
--18801-- Reading syms from /usr/libexec/valgrind/vgpreload_memcheck-amd64-linux.so
==18801== WARNING: new redirection conflicts with existing -- ignoring it
--18801--     old: 0x040302a0 (strcmp              ) R-> (0000.0) 0x580c991c ???
--18801--     new: 0x040302a0 (strcmp              ) R-> (2016.0) 0x0485d270 strcmp
==18801== WARNING: new redirection conflicts with existing -- ignoring it
--18801--     old: 0x040318e0 (strlen              ) R-> (0000.0) 0x580c9902 ???
--18801--     new: 0x040318e0 (strlen              ) R-> (2007.0) 0x0485be40 strlen
--18801-- REDIR: 0x402f6d0 (ld-linux-x86-64.so.2:mempcpy) redirected to 0x4861a00 (mempcpy)
--18801-- Reading syms from /usr/lib/x86_64-linux-gnu/libc.so.6
--18801--   Considering /usr/lib/debug/.build-id/a5/b27db7ef3036c1dacf2e4ddc2e052767129439.debug ..
--18801--   .. build-id is valid
--18801-- REDIR: 0x4031a80 (ld-linux-x86-64.so.2:strncmp) redirected to 0x485ca10 (strncmp)
--18801-- REDIR: 0x493d200 (libc.so.6:strnlen) redirected to 0x48491c0 (_vgnU_ifunc_wrapper)
--18801-- REDIR: 0x493d280 (libc.so.6:strpbrk) redirected to 0x48491c0 (_vgnU_ifunc_wrapper)
--18801-- REDIR: 0x493b2c0 (libc.so.6:strcmp) redirected to 0x48491c0 (_vgnU_ifunc_wrapper)
--18801-- REDIR: 0x49546d0 (libc.so.6:wcsnlen) redirected to 0x48491c0 (_vgnU_ifunc_wrapper)
--18801-- REDIR: 0x493a320 (libc.so.6:memset) redirected to 0x48491c0 (_vgnU_ifunc_wrapper)
--18801-- REDIR: 0x4953d90 (libc.so.6:wcslen) redirected to 0x48491c0 (_vgnU_ifunc_wrapper)
--18801-- REDIR: 0x49c4540 (libc.so.6:__memcpy_chk) redirected to 0x48491c0 (_vgnU_ifunc_wrapper)
--18801-- REDIR: 0x493a2a0 (libc.so.6:memrchr) redirected to 0x48491c0 (_vgnU_ifunc_wrapper)
--18801-- REDIR: 0x4954660 (libc.so.6:wcsncpy) redirected to 0x48491c0 (_vgnU_ifunc_wrapper)
--18801-- REDIR: 0x4939700 (libc.so.6:memcpy@@GLIBC_2.14) redirected to 0x48491c0 (_vgnU_ifunc_wrapper)
--18801-- REDIR: 0x4952bc0 (libc.so.6:wcschr) redirected to 0x48491c0 (_vgnU_ifunc_wrapper)
--18801-- REDIR: 0x493b1c0 (libc.so.6:index) redirected to 0x48491c0 (_vgnU_ifunc_wrapper)
--18801-- REDIR: 0x493d2b0 (libc.so.6:rindex) redirected to 0x48491c0 (_vgnU_ifunc_wrapper)
--18801-- REDIR: 0x4952c60 (libc.so.6:wcscmp) redirected to 0x48491c0 (_vgnU_ifunc_wrapper)
--18801-- REDIR: 0x493a570 (libc.so.6:stpncpy) redirected to 0x48491c0 (_vgnU_ifunc_wrapper)
--18801-- REDIR: 0x4961e70 (libc.so.6:wmemchr) redirected to 0x48491c0 (_vgnU_ifunc_wrapper)
--18801-- REDIR: 0x493d0a0 (libc.so.6:strncmp) redirected to 0x48491c0 (_vgnU_ifunc_wrapper)
--18801-- REDIR: 0x493a5d0 (libc.so.6:strcasecmp) redirected to 0x48491c0 (_vgnU_ifunc_wrapper)
--18801-- REDIR: 0x493c3a0 (libc.so.6:strcspn) redirected to 0x48491c0 (_vgnU_ifunc_wrapper)
--18801-- REDIR: 0x4953b70 (libc.so.6:wcscpy) redirected to 0x48491c0 (_vgnU_ifunc_wrapper)
--18801-- REDIR: 0x493b150 (libc.so.6:strcat) redirected to 0x48491c0 (_vgnU_ifunc_wrapper)
--18801-- REDIR: 0x493cfa0 (libc.so.6:strncasecmp_l) redirected to 0x48491c0 (_vgnU_ifunc_wrapper)
--18801-- REDIR: 0x493b240 (libc.so.6:strchrnul) redirected to 0x48491c0 (_vgnU_ifunc_wrapper)
--18801-- REDIR: 0x4939610 (libc.so.6:bcmp) redirected to 0x48491c0 (_vgnU_ifunc_wrapper)
--18801-- REDIR: 0x493c330 (libc.so.6:strcpy) redirected to 0x48491c0 (_vgnU_ifunc_wrapper)
--18801-- REDIR: 0x493a670 (libc.so.6:strcasecmp_l) redirected to 0x48491c0 (_vgnU_ifunc_wrapper)
--18801-- REDIR: 0x493ce80 (libc.so.6:strlen) redirected to 0x48491c0 (_vgnU_ifunc_wrapper)
--18801-- REDIR: 0x493d140 (libc.so.6:strncpy) redirected to 0x48491c0 (_vgnU_ifunc_wrapper)
--18801-- REDIR: 0x4961ef0 (libc.so.6:wmemcmp) redirected to 0x48491c0 (_vgnU_ifunc_wrapper)
--18801-- REDIR: 0x49c4650 (libc.so.6:__memmove_chk) redirected to 0x48491c0 (_vgnU_ifunc_wrapper)
==18801== WARNING: new redirection conflicts with existing -- ignoring it
--18801--     old: 0x04a18ad0 (__memcpy_chk_avx_una) R-> (2030.0) 0x04861b10 __memcpy_chk
--18801--     new: 0x04a18ad0 (__memcpy_chk_avx_una) R-> (2024.0) 0x048613e0 __memmove_chk
--18801-- REDIR: 0x493a500 (libc.so.6:stpcpy) redirected to 0x48491c0 (_vgnU_ifunc_wrapper)
--18801-- REDIR: 0x493a080 (libc.so.6:memmove) redirected to 0x48491c0 (_vgnU_ifunc_wrapper)
==18801== Preferring higher priority redirection:
--18801--     old: 0x04a18b00 (__memcpy_avx_unalign) R-> (2018.0) 0x0485e920 __memcpy_avx_unaligned_erms
--18801--     new: 0x04a18b00 (__memcpy_avx_unalign) R-> (2018.1) 0x048606b0 memmove
--18801-- REDIR: 0x4939590 (libc.so.6:memchr) redirected to 0x48491c0 (_vgnU_ifunc_wrapper)
--18801-- REDIR: 0x493d4b0 (libc.so.6:strspn) redirected to 0x48491c0 (_vgnU_ifunc_wrapper)
--18801-- REDIR: 0x49525e0 (libc.so.6:wcpncpy) redirected to 0x48491c0 (_vgnU_ifunc_wrapper)
--18801-- REDIR: 0x493a190 (libc.so.6:mempcpy) redirected to 0x48491c0 (_vgnU_ifunc_wrapper)
--18801-- REDIR: 0x493cf00 (libc.so.6:strncasecmp) redirected to 0x48491c0 (_vgnU_ifunc_wrapper)
--18801-- REDIR: 0x4a1d730 (libc.so.6:__strrchr_avx2) redirected to 0x485b5a0 (rindex)
